[0.890s] Invoking command in '/home/juan/Ros_Jetbot/src/modelo_jet': PYTHONPATH=/home/juan/Ros_Jetbot/build/modelo_jet/prefix_override:/home/juan/Ros_Jetbot/install/modelo_jet/lib/python3.11/site-packages:${PYTHONPATH} /usr/bin/python3 setup.py egg_info --egg-base ../../build/modelo_jet build --build-base /home/juan/Ros_Jetbot/build/modelo_jet/build install --record /home/juan/Ros_Jetbot/build/modelo_jet/install.log --single-version-externally-managed
[1.185s] running egg_info
[1.185s] writing ../../build/modelo_jet/modelo_jet.egg-info/PKG-INFO
[1.185s] writing dependency_links to ../../build/modelo_jet/modelo_jet.egg-info/dependency_links.txt
[1.185s] writing entry points to ../../build/modelo_jet/modelo_jet.egg-info/entry_points.txt
[1.185s] writing requirements to ../../build/modelo_jet/modelo_jet.egg-info/requires.txt
[1.185s] writing top-level names to ../../build/modelo_jet/modelo_jet.egg-info/top_level.txt
[1.190s] reading manifest file '../../build/modelo_jet/modelo_jet.egg-info/SOURCES.txt'
[1.191s] writing manifest file '../../build/modelo_jet/modelo_jet.egg-info/SOURCES.txt'
[1.191s] running build
[1.192s] running build_py
[1.192s] running install
[1.192s] running install_lib
[1.192s] /usr/lib/python3/dist-packages/setuptools/command/install.py:34: SetuptoolsDeprecationWarning: setup.py install is deprecated. Use build and pip and other standards-based tools.
[1.192s]   warnings.warn(
[1.195s] running install_data
[1.196s] running install_egg_info
[1.200s] removing '/home/juan/Ros_Jetbot/install/modelo_jet/lib/python3.11/site-packages/modelo_jet-0.0.0-py3.11.egg-info' (and everything under it)
[1.200s] Copying ../../build/modelo_jet/modelo_jet.egg-info to /home/juan/Ros_Jetbot/install/modelo_jet/lib/python3.11/site-packages/modelo_jet-0.0.0-py3.11.egg-info
[1.200s] running install_scripts
[1.240s] writing list of installed files to '/home/juan/Ros_Jetbot/build/modelo_jet/install.log'
[1.265s] Invoked command in '/home/juan/Ros_Jetbot/src/modelo_jet' returned '0': PYTHONPATH=/home/juan/Ros_Jetbot/build/modelo_jet/prefix_override:/home/juan/Ros_Jetbot/install/modelo_jet/lib/python3.11/site-packages:${PYTHONPATH} /usr/bin/python3 setup.py egg_info --egg-base ../../build/modelo_jet build --build-base /home/juan/Ros_Jetbot/build/modelo_jet/build install --record /home/juan/Ros_Jetbot/build/modelo_jet/install.log --single-version-externally-managed
