[1.038s] Invoking command in '/home/juan/Ros_Jetbot/src/modelo_jet': PYTHONPATH=/home/juan/Ros_Jetbot/build/modelo_jet/prefix_override:/home/juan/Ros_Jetbot/install/modelo_jet/lib/python3.11/site-packages:${PYTHONPATH} /usr/bin/python3 setup.py egg_info --egg-base ../../build/modelo_jet build --build-base /home/juan/Ros_Jetbot/build/modelo_jet/build install --record /home/juan/Ros_Jetbot/build/modelo_jet/install.log --single-version-externally-managed
[1.327s] running egg_info
[1.327s] creating ../../build/modelo_jet/modelo_jet.egg-info
[1.327s] writing ../../build/modelo_jet/modelo_jet.egg-info/PKG-INFO
[1.327s] writing dependency_links to ../../build/modelo_jet/modelo_jet.egg-info/dependency_links.txt
[1.327s] writing entry points to ../../build/modelo_jet/modelo_jet.egg-info/entry_points.txt
[1.327s] writing requirements to ../../build/modelo_jet/modelo_jet.egg-info/requires.txt
[1.327s] writing top-level names to ../../build/modelo_jet/modelo_jet.egg-info/top_level.txt
[1.328s] writing manifest file '../../build/modelo_jet/modelo_jet.egg-info/SOURCES.txt'
[1.331s] reading manifest file '../../build/modelo_jet/modelo_jet.egg-info/SOURCES.txt'
[1.332s] writing manifest file '../../build/modelo_jet/modelo_jet.egg-info/SOURCES.txt'
[1.332s] running build
[1.332s] running build_py
[1.332s] creating /home/juan/Ros_Jetbot/build/modelo_jet/build
[1.332s] creating /home/juan/Ros_Jetbot/build/modelo_jet/build/lib
[1.332s] creating /home/juan/Ros_Jetbot/build/modelo_jet/build/lib/modelo_jet
[1.333s] copying modelo_jet/__init__.py -> /home/juan/Ros_Jetbot/build/modelo_jet/build/lib/modelo_jet
[1.333s] running install
[1.333s] running install_lib
[1.333s] /usr/lib/python3/dist-packages/setuptools/command/install.py:34: SetuptoolsDeprecationWarning: setup.py install is deprecated. Use build and pip and other standards-based tools.
[1.333s]   warnings.warn(
[1.335s] creating /home/juan/Ros_Jetbot/install/modelo_jet/lib/python3.11/site-packages/modelo_jet
[1.335s] copying /home/juan/Ros_Jetbot/build/modelo_jet/build/lib/modelo_jet/__init__.py -> /home/juan/Ros_Jetbot/install/modelo_jet/lib/python3.11/site-packages/modelo_jet
[1.335s] byte-compiling /home/juan/Ros_Jetbot/install/modelo_jet/lib/python3.11/site-packages/modelo_jet/__init__.py to __init__.cpython-311.pyc
[1.335s] running install_data
[1.336s] creating /home/juan/Ros_Jetbot/install/modelo_jet/share/ament_index
[1.336s] creating /home/juan/Ros_Jetbot/install/modelo_jet/share/ament_index/resource_index
[1.336s] creating /home/juan/Ros_Jetbot/install/modelo_jet/share/ament_index/resource_index/packages
[1.336s] copying resource/modelo_jet -> /home/juan/Ros_Jetbot/install/modelo_jet/share/ament_index/resource_index/packages
[1.336s] copying package.xml -> /home/juan/Ros_Jetbot/install/modelo_jet/share/modelo_jet
[1.336s] creating /home/juan/Ros_Jetbot/install/modelo_jet/share/modelo_jet/urdf
[1.337s] copying urdf/JetBot.urdf -> /home/juan/Ros_Jetbot/install/modelo_jet/share/modelo_jet/urdf
[1.337s] creating /home/juan/Ros_Jetbot/install/modelo_jet/share/modelo_jet/launch
[1.337s] copying launch/display.launch.py -> /home/juan/Ros_Jetbot/install/modelo_jet/share/modelo_jet/launch
[1.337s] creating /home/juan/Ros_Jetbot/install/modelo_jet/share/modelo_jet/meshes
[1.337s] copying meshes/Prismatico.STL -> /home/juan/Ros_Jetbot/install/modelo_jet/share/modelo_jet/meshes
[1.337s] copying meshes/servo.STL -> /home/juan/Ros_Jetbot/install/modelo_jet/share/modelo_jet/meshes
[1.337s] copying meshes/Camara.STL -> /home/juan/Ros_Jetbot/install/modelo_jet/share/modelo_jet/meshes
[1.337s] copying meshes/Rueda_izquierda_atras.STL -> /home/juan/Ros_Jetbot/install/modelo_jet/share/modelo_jet/meshes
[1.338s] copying meshes/Rueda_derecha_atras.STL -> /home/juan/Ros_Jetbot/install/modelo_jet/share/modelo_jet/meshes
[1.339s] copying meshes/Rueda_derecha.STL -> /home/juan/Ros_Jetbot/install/modelo_jet/share/modelo_jet/meshes
[1.339s] copying meshes/base_link.STL -> /home/juan/Ros_Jetbot/install/modelo_jet/share/modelo_jet/meshes
[1.339s] copying meshes/Rueda_izquierda.STL -> /home/juan/Ros_Jetbot/install/modelo_jet/share/modelo_jet/meshes
[1.341s] running install_egg_info
[1.345s] Copying ../../build/modelo_jet/modelo_jet.egg-info to /home/juan/Ros_Jetbot/install/modelo_jet/lib/python3.11/site-packages/modelo_jet-0.0.0-py3.11.egg-info
[1.345s] running install_scripts
[1.378s] writing list of installed files to '/home/juan/Ros_Jetbot/build/modelo_jet/install.log'
[1.400s] Invoked command in '/home/juan/Ros_Jetbot/src/modelo_jet' returned '0': PYTHONPATH=/home/juan/Ros_Jetbot/build/modelo_jet/prefix_override:/home/juan/Ros_Jetbot/install/modelo_jet/lib/python3.11/site-packages:${PYTHONPATH} /usr/bin/python3 setup.py egg_info --egg-base ../../build/modelo_jet build --build-base /home/juan/Ros_Jetbot/build/modelo_jet/build install --record /home/juan/Ros_Jetbot/build/modelo_jet/install.log --single-version-externally-managed
