/home/juan/Ros_Jetbot/install/modelo_jet/lib/python3.11/site-packages/modelo_jet/__init__.py
/home/juan/Ros_Jetbot/install/modelo_jet/lib/python3.11/site-packages/modelo_jet/__pycache__/__init__.cpython-311.pyc
/home/juan/Ros_Jetbot/install/modelo_jet/share/ament_index/resource_index/packages/modelo_jet
/home/juan/Ros_Jetbot/install/modelo_jet/share/modelo_jet/package.xml
/home/juan/Ros_Jetbot/install/modelo_jet/share/modelo_jet/urdf/JetBot.urdf
/home/juan/Ros_Jetbot/install/modelo_jet/share/modelo_jet/launch/display.launch.py
/home/juan/Ros_Jetbot/install/modelo_jet/share/modelo_jet/meshes/Prismatico.STL
/home/juan/Ros_Jetbot/install/modelo_jet/share/modelo_jet/meshes/servo.STL
/home/juan/Ros_Jetbot/install/modelo_jet/share/modelo_jet/meshes/Camara.STL
/home/juan/Ros_Jetbot/install/modelo_jet/share/modelo_jet/meshes/Rueda_izquierda_atras.STL
/home/juan/Ros_Jetbot/install/modelo_jet/share/modelo_jet/meshes/Rueda_derecha_atras.STL
/home/juan/Ros_Jetbot/install/modelo_jet/share/modelo_jet/meshes/Rueda_derecha.STL
/home/juan/Ros_Jetbot/install/modelo_jet/share/modelo_jet/meshes/base_link.STL
/home/juan/Ros_Jetbot/install/modelo_jet/share/modelo_jet/meshes/Rueda_izquierda.STL
/home/juan/Ros_Jetbot/install/modelo_jet/lib/python3.11/site-packages/modelo_jet-0.0.0-py3.11.egg-info/top_level.txt
/home/juan/Ros_Jetbot/install/modelo_jet/lib/python3.11/site-packages/modelo_jet-0.0.0-py3.11.egg-info/entry_points.txt
/home/juan/Ros_Jetbot/install/modelo_jet/lib/python3.11/site-packages/modelo_jet-0.0.0-py3.11.egg-info/zip-safe
/home/juan/Ros_Jetbot/install/modelo_jet/lib/python3.11/site-packages/modelo_jet-0.0.0-py3.11.egg-info/requires.txt
/home/juan/Ros_Jetbot/install/modelo_jet/lib/python3.11/site-packages/modelo_jet-0.0.0-py3.11.egg-info/PKG-INFO
/home/juan/Ros_Jetbot/install/modelo_jet/lib/python3.11/site-packages/modelo_jet-0.0.0-py3.11.egg-info/SOURCES.txt
/home/juan/Ros_Jetbot/install/modelo_jet/lib/python3.11/site-packages/modelo_jet-0.0.0-py3.11.egg-info/dependency_links.txt
